<?xml version="1.0" encoding="UTF-8"?>
<!-- Generated by org.testng.reporters.JUnitReportReporter -->
<testsuite skipped="0" hostname="DESKTOP-7OGVSBN" name="LoginFlipkart" tests="1" failures="0" timestamp="12 Mar 2019 05:08:59 GMT" time="9.998" errors="0">
  <testcase name="testlogin" time="9.998" classname="LoginFlipkart"/>
</testsuite> <!-- LoginFlipkart -->
